This file contains any messages produced by compilers while
running configure, to aid debugging if configure makes a mistake.

It was created by libcharset configure 1.4, which was
generated by GNU Autoconf 2.69.  Invocation command line was

  $ ./configure --disable-option-checking --prefix=/usr/local --host=arm-buildroot-linux --target=arm-buildroot-linux CC=arm-buildroot-linux-uclibcgnueabihf-gcc --enable-static --enable-shared host_alias=arm-buildroot-linux target_alias=arm-buildroot-linux --cache-file=/dev/null --srcdir=.

## --------- ##
## Platform. ##
## --------- ##

hostname = dell
uname -m = x86_64
uname -r = 4.15.0-112-generic
uname -s = Linux
uname -v = #113-Ubuntu SMP Thu Jul 9 23:41:39 UTC 2020

/usr/bin/uname -p = unknown
/bin/uname -X     = unknown

/bin/arch              = unknown
/usr/bin/arch -k       = unknown
/usr/convex/getsysinfo = unknown
/usr/bin/hostinfo      = unknown
/bin/machine           = unknown
/usr/bin/oslevel       = unknown
/bin/universe          = unknown

PATH: /opt/hisi-linux/x86-arm/aarch64-himix100-linux/bin
PATH: /opt/hisi-linux/x86-arm/arm-himix200-linux/bin
PATH: /opt/hisi-linux/x86-arm/arm-himix400-linux/bin
PATH: /opt/hisi-linux/x86-arm/arm-himix100-linux/bin
PATH: /opt/hisi-linux/x86-arm/arm-hisiv300-linux/target/bin
PATH: /opt/hisi-linux/x86-arm/arm-hisiv200-linux/target/bin
PATH: /opt/hisi-linux-nptl/arm-hisiv100-linux/target/bin
PATH: /opt/hisi-linux/x86-arm/arm-hisiv100-linux/target/bin
PATH: /opt/hisi-linux/x86-arm/arm-hisiv510-linux/target/bin
PATH: /opt/hisi-linux/x86-arm/arm-hisiv600-linux/target/bin
PATH: /opt/hisi-linux/x86-arm/arm-hisiv500-linux/target/bin
PATH: /opt/hisi-linux/x86-arm/aarch64-himix200-linux/bin
PATH: /usr/local/sbin
PATH: /usr/local/bin
PATH: /usr/sbin
PATH: /usr/bin
PATH: /sbin
PATH: /bin
PATH: /usr/games
PATH: /snap/bin
PATH: /opt/mstar-linux/arm-buildroot-linux-uclibcgnueabihf-4.9.4-uclibc-1.0.31/bin
PATH: /opt/mstar-linux/gcc-sigmastar-9.1.0-2020.07-x86_64_arm-linux-gnueabihf/bin
PATH: /opt/mstar-linux/arm-sigmastar-linux-uclibcgnueabihf-9.1.0/bin
PATH: /opt/xm_toolchain/arm-xm-linux/usr/bin/
PATH: /opt/xm_toolchain/arm-xmv2-linux/usr/bin/
PATH: /opt/nt_toolchain/arm-ca53-linux-uclibcgnueabihf-6.4/bin
PATH: /opt/nt_toolchain/arm-ca9-linux-gnueabihf-6.5/bin/
PATH: /opt/nt_toolchain/arm-ca9-linux-uclibcgnueabihf-8.4/bin/
PATH: /opt/nt_toolchain/arm-ca9-linux-uclibcgnueabihf-6.5/bin/
PATH: /opt/nt_toolchain/arm-ca53-linux-gnueabihf-6.4/bin
PATH: /opt/nt_toolchain/arm-ca9-linux-uclibcgnueabihf-8.4.01/bin
PATH: /opt/nt_toolchain/aarch64-ca53-linux-gnueabihf-8.4/bin
PATH: /opt/nt_toolchain/aarch64-ca53-linux-uclibcgnueabihf-8.4/bin/
PATH: /opt/hisi-linux/x86-arm/arm-himix410-linux/bin
PATH: /opt/gk_toolchain/arm-gcc6.3-linux-uclibceabi/bin
PATH: /opt/gk_toolchain/arm-gcc7.3-rtos-musleabi/bin
PATH: ./


## ----------- ##
## Core tests. ##
## ----------- ##

configure:2216: checking whether make sets $(MAKE)
configure:2238: result: yes
configure:2257: checking for arm-buildroot-linux-gcc
configure:2284: result: arm-buildroot-linux-uclibcgnueabihf-gcc
configure:2553: checking for C compiler version
configure:2562: arm-buildroot-linux-uclibcgnueabihf-gcc --version >&5
arm-buildroot-linux-uclibcgnueabihf-gcc.br_real (Buildroot 2017.08-gc7bbae9-dirty) 4.9.4
Copyright (C) 2015 Free Software Foundation, Inc.
This is free software; see the source for copying conditions.  There is NO
warranty; not even for MERCHANTABILITY or FITNESS FOR A PARTICULAR PURPOSE.

configure:2573: $? = 0
configure:2562: arm-buildroot-linux-uclibcgnueabihf-gcc -v >&5
Using built-in specs.
COLLECT_GCC=/opt/mstar-linux/arm-buildroot-linux-uclibcgnueabihf-4.9.4-uclibc-1.0.31/bin/arm-buildroot-linux-uclibcgnueabihf-gcc.br_real
COLLECT_LTO_WRAPPER=/opt/mstar-linux/arm-buildroot-linux-uclibcgnueabihf-4.9.4-uclibc-1.0.31/bin/../libexec/gcc/arm-buildroot-linux-uclibcgnueabihf/4.9.4/lto-wrapper
Target: arm-buildroot-linux-uclibcgnueabihf
Configured with: ./configure --prefix=/home/bale.chou/uclibc/buildroot-2017.08/output/host --sysconfdir=/home/bale.chou/uclibc/buildroot-2017.08/output/host/etc --enable-static --target=arm-buildroot-linux-uclibcgnueabihf --with-sysroot=/home/bale.chou/uclibc/buildroot-2017.08/output/host/arm-buildroot-linux-uclibcgnueabihf/sysroot --disable-__cxa_atexit --with-gnu-ld --disable-libssp --disable-multilib --with-gmp=/home/bale.chou/uclibc/buildroot-2017.08/output/host --with-mpc=/home/bale.chou/uclibc/buildroot-2017.08/output/host --with-mpfr=/home/bale.chou/uclibc/buildroot-2017.08/output/host --with-pkgversion='Buildroot 2017.08-gc7bbae9-dirty' --with-bugurl=http://bugs.buildroot.net/ --disable-libquadmath --disable-libsanitizer --enable-tls --disable-libmudflap --enable-threads --without-isl --without-cloog --disable-decimal-float --with-abi=aapcs-linux --with-cpu=cortex-a9 --with-fpu=vfpv3-d16 --with-float=hard --with-mode=thumb --enable-languages=c,c++ --with-build-time-tools=/home/bale.chou/uclibc/buildroot-2017.08/output/host/arm-buildroot-linux-uclibcgnueabihf/bin --enable-shared --disable-libgomp
Thread model: posix
gcc version 4.9.4 (Buildroot 2017.08-gc7bbae9-dirty) 
configure:2573: $? = 0
configure:2562: arm-buildroot-linux-uclibcgnueabihf-gcc -V >&5
arm-buildroot-linux-uclibcgnueabihf-gcc.br_real: error: unrecognized command line option '-V'
arm-buildroot-linux-uclibcgnueabihf-gcc.br_real: fatal error: no input files
compilation terminated.
configure:2573: $? = 1
configure:2562: arm-buildroot-linux-uclibcgnueabihf-gcc -qversion >&5
arm-buildroot-linux-uclibcgnueabihf-gcc.br_real: error: unrecognized command line option '-qversion'
arm-buildroot-linux-uclibcgnueabihf-gcc.br_real: fatal error: no input files
compilation terminated.
configure:2573: $? = 1
configure:2593: checking whether the C compiler works
configure:2615: arm-buildroot-linux-uclibcgnueabihf-gcc    conftest.c  >&5
configure:2619: $? = 0
configure:2667: result: yes
configure:2670: checking for C compiler default output file name
configure:2672: result: a.out
configure:2678: checking for suffix of executables
configure:2685: arm-buildroot-linux-uclibcgnueabihf-gcc -o conftest    conftest.c  >&5
configure:2689: $? = 0
configure:2711: result: 
configure:2733: checking whether we are cross compiling
configure:2741: arm-buildroot-linux-uclibcgnueabihf-gcc -o conftest    conftest.c  >&5
configure:2745: $? = 0
configure:2752: ./conftest
./configure: line 2754: ./conftest: cannot execute binary file: Exec format error
configure:2756: $? = 126
configure:2771: result: yes
configure:2776: checking for suffix of object files
configure:2798: arm-buildroot-linux-uclibcgnueabihf-gcc -c   conftest.c >&5
configure:2802: $? = 0
configure:2823: result: o
configure:2827: checking whether we are using the GNU C compiler
configure:2846: arm-buildroot-linux-uclibcgnueabihf-gcc -c   conftest.c >&5
configure:2846: $? = 0
configure:2855: result: yes
configure:2864: checking whether arm-buildroot-linux-uclibcgnueabihf-gcc accepts -g
configure:2884: arm-buildroot-linux-uclibcgnueabihf-gcc -c -g  conftest.c >&5
configure:2884: $? = 0
configure:2925: result: yes
configure:2942: checking for arm-buildroot-linux-uclibcgnueabihf-gcc option to accept ISO C89
configure:3005: arm-buildroot-linux-uclibcgnueabihf-gcc  -c -g -O2  conftest.c >&5
configure:3005: $? = 0
configure:3018: result: none needed
configure:3043: checking how to run the C preprocessor
configure:3074: arm-buildroot-linux-uclibcgnueabihf-gcc -E  conftest.c
configure:3074: $? = 0
configure:3088: arm-buildroot-linux-uclibcgnueabihf-gcc -E  conftest.c
conftest.c:9:28: fatal error: ac_nonexistent.h: No such file or directory
 #include <ac_nonexistent.h>
                            ^
compilation terminated.
configure:3088: $? = 1
configure: failed program was:
| /* confdefs.h */
| #define PACKAGE_NAME "libcharset"
| #define PACKAGE_TARNAME "libcharset"
| #define PACKAGE_VERSION "1.4"
| #define PACKAGE_STRING "libcharset 1.4"
| #define PACKAGE_BUGREPORT ""
| #define PACKAGE_URL ""
| /* end confdefs.h.  */
| #include <ac_nonexistent.h>
configure:3113: result: arm-buildroot-linux-uclibcgnueabihf-gcc -E
configure:3133: arm-buildroot-linux-uclibcgnueabihf-gcc -E  conftest.c
configure:3133: $? = 0
configure:3147: arm-buildroot-linux-uclibcgnueabihf-gcc -E  conftest.c
conftest.c:9:28: fatal error: ac_nonexistent.h: No such file or directory
 #include <ac_nonexistent.h>
                            ^
compilation terminated.
configure:3147: $? = 1
configure: failed program was:
| /* confdefs.h */
| #define PACKAGE_NAME "libcharset"
| #define PACKAGE_TARNAME "libcharset"
| #define PACKAGE_VERSION "1.4"
| #define PACKAGE_STRING "libcharset 1.4"
| #define PACKAGE_BUGREPORT ""
| #define PACKAGE_URL ""
| /* end confdefs.h.  */
| #include <ac_nonexistent.h>
configure:3189: checking for a BSD-compatible install
configure:3257: result: /usr/bin/install -c
configure:3274: checking build system type
configure:3288: result: x86_64-pc-linux-uclibc
configure:3308: checking host system type
configure:3321: result: arm-buildroot-linux-gnu
configure:3347: checking for grep that handles long lines and -e
configure:3405: result: /bin/grep
configure:3410: checking for egrep
configure:3472: result: /bin/grep -E
configure:3477: checking for ANSI C header files
configure:3497: arm-buildroot-linux-uclibcgnueabihf-gcc -c -g -O2  conftest.c >&5
configure:3497: $? = 0
configure:3581: result: yes
configure:3594: checking for sys/types.h
configure:3594: arm-buildroot-linux-uclibcgnueabihf-gcc -c -g -O2  conftest.c >&5
configure:3594: $? = 0
configure:3594: result: yes
configure:3594: checking for sys/stat.h
configure:3594: arm-buildroot-linux-uclibcgnueabihf-gcc -c -g -O2  conftest.c >&5
configure:3594: $? = 0
configure:3594: result: yes
configure:3594: checking for stdlib.h
configure:3594: arm-buildroot-linux-uclibcgnueabihf-gcc -c -g -O2  conftest.c >&5
configure:3594: $? = 0
configure:3594: result: yes
configure:3594: checking for string.h
configure:3594: arm-buildroot-linux-uclibcgnueabihf-gcc -c -g -O2  conftest.c >&5
configure:3594: $? = 0
configure:3594: result: yes
configure:3594: checking for memory.h
configure:3594: arm-buildroot-linux-uclibcgnueabihf-gcc -c -g -O2  conftest.c >&5
configure:3594: $? = 0
configure:3594: result: yes
configure:3594: checking for strings.h
configure:3594: arm-buildroot-linux-uclibcgnueabihf-gcc -c -g -O2  conftest.c >&5
configure:3594: $? = 0
configure:3594: result: yes
configure:3594: checking for inttypes.h
configure:3594: arm-buildroot-linux-uclibcgnueabihf-gcc -c -g -O2  conftest.c >&5
configure:3594: $? = 0
configure:3594: result: yes
configure:3594: checking for stdint.h
configure:3594: arm-buildroot-linux-uclibcgnueabihf-gcc -c -g -O2  conftest.c >&5
configure:3594: $? = 0
configure:3594: result: yes
configure:3594: checking for unistd.h
configure:3594: arm-buildroot-linux-uclibcgnueabihf-gcc -c -g -O2  conftest.c >&5
configure:3594: $? = 0
configure:3594: result: yes
configure:3607: checking minix/config.h usability
configure:3607: arm-buildroot-linux-uclibcgnueabihf-gcc -c -g -O2  conftest.c >&5
conftest.c:52:26: fatal error: minix/config.h: No such file or directory
 #include <minix/config.h>
                          ^
compilation terminated.
configure:3607: $? = 1
configure: failed program was:
| /* confdefs.h */
| #define PACKAGE_NAME "libcharset"
| #define PACKAGE_TARNAME "libcharset"
| #define PACKAGE_VERSION "1.4"
| #define PACKAGE_STRING "libcharset 1.4"
| #define PACKAGE_BUGREPORT ""
| #define PACKAGE_URL ""
| #define STDC_HEADERS 1
| #define HAVE_SYS_TYPES_H 1
| #define HAVE_SYS_STAT_H 1
| #define HAVE_STDLIB_H 1
| #define HAVE_STRING_H 1
| #define HAVE_MEMORY_H 1
| #define HAVE_STRINGS_H 1
| #define HAVE_INTTYPES_H 1
| #define HAVE_STDINT_H 1
| #define HAVE_UNISTD_H 1
| /* end confdefs.h.  */
| #include <stdio.h>
| #ifdef HAVE_SYS_TYPES_H
| # include <sys/types.h>
| #endif
| #ifdef HAVE_SYS_STAT_H
| # include <sys/stat.h>
| #endif
| #ifdef STDC_HEADERS
| # include <stdlib.h>
| # include <stddef.h>
| #else
| # ifdef HAVE_STDLIB_H
| #  include <stdlib.h>
| # endif
| #endif
| #ifdef HAVE_STRING_H
| # if !defined STDC_HEADERS && defined HAVE_MEMORY_H
| #  include <memory.h>
| # endif
| # include <string.h>
| #endif
| #ifdef HAVE_STRINGS_H
| # include <strings.h>
| #endif
| #ifdef HAVE_INTTYPES_H
| # include <inttypes.h>
| #endif
| #ifdef HAVE_STDINT_H
| # include <stdint.h>
| #endif
| #ifdef HAVE_UNISTD_H
| # include <unistd.h>
| #endif
| #include <minix/config.h>
configure:3607: result: no
configure:3607: checking minix/config.h presence
configure:3607: arm-buildroot-linux-uclibcgnueabihf-gcc -E  conftest.c
conftest.c:19:26: fatal error: minix/config.h: No such file or directory
 #include <minix/config.h>
                          ^
compilation terminated.
configure:3607: $? = 1
configure: failed program was:
| /* confdefs.h */
| #define PACKAGE_NAME "libcharset"
| #define PACKAGE_TARNAME "libcharset"
| #define PACKAGE_VERSION "1.4"
| #define PACKAGE_STRING "libcharset 1.4"
| #define PACKAGE_BUGREPORT ""
| #define PACKAGE_URL ""
| #define STDC_HEADERS 1
| #define HAVE_SYS_TYPES_H 1
| #define HAVE_SYS_STAT_H 1
| #define HAVE_STDLIB_H 1
| #define HAVE_STRING_H 1
| #define HAVE_MEMORY_H 1
| #define HAVE_STRINGS_H 1
| #define HAVE_INTTYPES_H 1
| #define HAVE_STDINT_H 1
| #define HAVE_UNISTD_H 1
| /* end confdefs.h.  */
| #include <minix/config.h>
configure:3607: result: no
configure:3607: checking for minix/config.h
configure:3607: result: no
configure:3628: checking whether it is safe to define __EXTENSIONS__
configure:3646: arm-buildroot-linux-uclibcgnueabihf-gcc -c -g -O2  conftest.c >&5
configure:3646: $? = 0
configure:3653: result: yes
configure:3719: checking how to print strings
configure:3746: result: printf
configure:3767: checking for a sed that does not truncate output
configure:3831: result: /bin/sed
configure:3849: checking for fgrep
configure:3911: result: /bin/grep -F
configure:3946: checking for ld used by arm-buildroot-linux-uclibcgnueabihf-gcc
configure:4013: result: /opt/mstar-linux/arm-buildroot-linux-uclibcgnueabihf-4.9.4-uclibc-1.0.31/arm-buildroot-linux-uclibcgnueabihf/bin/ld
configure:4020: checking if the linker (/opt/mstar-linux/arm-buildroot-linux-uclibcgnueabihf-4.9.4-uclibc-1.0.31/arm-buildroot-linux-uclibcgnueabihf/bin/ld) is GNU ld
configure:4035: result: yes
configure:4047: checking for BSD- or MS-compatible name lister (nm)
configure:4101: result: no
configure:4115: checking for arm-buildroot-linux-dumpbin
configure:4145: result: no
configure:4115: checking for arm-buildroot-linux-link
configure:4145: result: no
configure:4159: checking for dumpbin
configure:4189: result: no
configure:4159: checking for link
configure:4175: found /usr/bin/link
configure:4186: result: link -dump
configure:4202: WARNING: using cross tools not prefixed with host triplet
configure:4231: checking the name lister (nm) interface
configure:4238: arm-buildroot-linux-uclibcgnueabihf-gcc -c -g -O2  conftest.c >&5
configure:4241: nm "conftest.o"
configure:4244: output
00000000 b $d
00000000 B some_variable
configure:4251: result: BSD nm
configure:4254: checking whether ln -s works
configure:4258: result: yes
configure:4266: checking the maximum length of command line arguments
configure:4397: result: 1572864
configure:4445: checking how to convert x86_64-pc-linux-uclibc file names to arm-buildroot-linux-gnu format
configure:4485: result: func_convert_file_noop
configure:4492: checking how to convert x86_64-pc-linux-uclibc file names to toolchain format
configure:4512: result: func_convert_file_noop
configure:4519: checking for /opt/mstar-linux/arm-buildroot-linux-uclibcgnueabihf-4.9.4-uclibc-1.0.31/arm-buildroot-linux-uclibcgnueabihf/bin/ld option to reload object files
configure:4526: result: -r
configure:4560: checking for arm-buildroot-linux-objdump
configure:4590: result: no
configure:4600: checking for objdump
configure:4616: found /usr/bin/objdump
configure:4627: result: objdump
configure:4656: checking how to recognize dependent libraries
configure:4856: result: pass_all
configure:4901: checking for arm-buildroot-linux-dlltool
configure:4931: result: no
configure:4941: checking for dlltool
configure:4971: result: no
configure:4998: checking how to associate runtime and link libraries
configure:5025: result: printf %s\n
configure:5041: checking for arm-buildroot-linux-ar
configure:5071: result: no
configure:5085: checking for ar
configure:5101: found /usr/bin/ar
configure:5112: result: ar
configure:5149: checking for archiver @FILE support
configure:5166: arm-buildroot-linux-uclibcgnueabihf-gcc -c -g -O2  conftest.c >&5
configure:5166: $? = 0
configure:5169: ar cru libconftest.a @conftest.lst >&5
ar: `u' modifier ignored since `D' is the default (see `U')
configure:5172: $? = 0
configure:5177: ar cru libconftest.a @conftest.lst >&5
ar: `u' modifier ignored since `D' is the default (see `U')
ar: conftest.o: No such file or directory
configure:5180: $? = 1
configure:5192: result: @
configure:5210: checking for arm-buildroot-linux-strip
configure:5240: result: no
configure:5250: checking for strip
configure:5266: found /usr/bin/strip
configure:5277: result: strip
configure:5309: checking for arm-buildroot-linux-ranlib
configure:5339: result: no
configure:5349: checking for ranlib
configure:5365: found /usr/bin/ranlib
configure:5376: result: ranlib
configure:5453: checking for gawk
configure:5469: found /usr/bin/gawk
configure:5480: result: gawk
configure:5520: checking command to parse nm output from arm-buildroot-linux-uclibcgnueabihf-gcc object
configure:5673: arm-buildroot-linux-uclibcgnueabihf-gcc -c -g -O2  conftest.c >&5
configure:5676: $? = 0
configure:5680: nm conftest.o \| sed -n -e 's/^.*[ ]\([ABCDGIRSTW][ABCDGIRSTW]*\)[ ][ ]*\([_A-Za-z][_A-Za-z0-9]*\)$/\1 \2 \2/p' | sed '/ __gnu_lto/d' \> conftest.nm
configure:5683: $? = 0
configure:5749: arm-buildroot-linux-uclibcgnueabihf-gcc -o conftest -g -O2   conftest.c conftstm.o >&5
configure:5752: $? = 0
configure:5790: result: ok
configure:5837: checking for sysroot
configure:5867: result: no
configure:5874: checking for a working dd
configure:5912: result: /bin/dd
configure:5916: checking how to truncate binary pipes
configure:5931: result: /bin/dd bs=4096 count=1
configure:6220: checking for arm-buildroot-linux-mt
configure:6250: result: no
configure:6260: checking for mt
configure:6276: found /bin/mt
configure:6287: result: mt
configure:6310: checking if mt is a manifest tool
configure:6316: mt '-?'
configure:6324: result: no
configure:6998: checking for dlfcn.h
configure:6998: arm-buildroot-linux-uclibcgnueabihf-gcc -c -g -O2  conftest.c >&5
configure:6998: $? = 0
configure:6998: result: yes
configure:7552: checking for objdir
configure:7567: result: .libs
configure:7831: checking if arm-buildroot-linux-uclibcgnueabihf-gcc supports -fno-rtti -fno-exceptions
configure:7849: arm-buildroot-linux-uclibcgnueabihf-gcc -c -g -O2  -fno-rtti -fno-exceptions conftest.c >&5
cc1: warning: command line option '-fno-rtti' is valid for C++/ObjC++ but not for C
configure:7853: $? = 0
configure:7866: result: no
configure:8224: checking for arm-buildroot-linux-uclibcgnueabihf-gcc option to produce PIC
configure:8231: result: -fPIC -DPIC
configure:8239: checking if arm-buildroot-linux-uclibcgnueabihf-gcc PIC flag -fPIC -DPIC works
configure:8257: arm-buildroot-linux-uclibcgnueabihf-gcc -c -g -O2  -fPIC -DPIC -DPIC conftest.c >&5
configure:8261: $? = 0
configure:8274: result: yes
configure:8303: checking if arm-buildroot-linux-uclibcgnueabihf-gcc static flag -static works
configure:8331: result: yes
configure:8346: checking if arm-buildroot-linux-uclibcgnueabihf-gcc supports -c -o file.o
configure:8367: arm-buildroot-linux-uclibcgnueabihf-gcc -c -g -O2  -o out/conftest2.o conftest.c >&5
configure:8371: $? = 0
configure:8393: result: yes
configure:8401: checking if arm-buildroot-linux-uclibcgnueabihf-gcc supports -c -o file.o
configure:8448: result: yes
configure:8481: checking whether the arm-buildroot-linux-uclibcgnueabihf-gcc linker (/opt/mstar-linux/arm-buildroot-linux-uclibcgnueabihf-4.9.4-uclibc-1.0.31/arm-buildroot-linux-uclibcgnueabihf/bin/ld) supports shared libraries
configure:9740: result: yes
configure:9777: checking whether -lc should be explicitly linked in
configure:9785: arm-buildroot-linux-uclibcgnueabihf-gcc -c -g -O2  conftest.c >&5
configure:9788: $? = 0
configure:9803: arm-buildroot-linux-uclibcgnueabihf-gcc -shared  -fPIC -DPIC conftest.o  -v -Wl,-soname -Wl,conftest -o conftest 2\>\&1 \| /bin/grep  -lc  \>/dev/null 2\>\&1
configure:9806: $? = 0
configure:9820: result: no
configure:9980: checking dynamic linker characteristics
configure:10561: arm-buildroot-linux-uclibcgnueabihf-gcc -o conftest -g -O2   -Wl,-rpath -Wl,/foo conftest.c  >&5
configure:10561: $? = 0
configure:10798: result: GNU/Linux ld.so
configure:10920: checking how to hardcode library paths into programs
configure:10945: result: immediate
configure:11493: checking whether stripping libraries is possible
configure:11498: result: yes
configure:11533: checking if libtool supports shared libraries
configure:11535: result: yes
configure:11538: checking whether to build shared libraries
configure:11563: result: yes
configure:11566: checking whether to build static libraries
configure:11570: result: yes
configure:11630: checking for ld
configure:11758: result: /opt/mstar-linux/arm-buildroot-linux-uclibcgnueabihf-4.9.4-uclibc-1.0.31/arm-buildroot-linux-uclibcgnueabihf/bin/ld
configure:11765: checking if the linker (/opt/mstar-linux/arm-buildroot-linux-uclibcgnueabihf-4.9.4-uclibc-1.0.31/arm-buildroot-linux-uclibcgnueabihf/bin/ld) is GNU ld
configure:11780: result: yes
configure:11786: checking for shared library path variable
configure:11799: result: LD_LIBRARY_PATH
configure:11804: checking whether to activate relocatable installation
configure:11819: result: no
configure:11993: checking whether the -Werror option is usable
configure:12011: arm-buildroot-linux-uclibcgnueabihf-gcc -c -g -O2 -Werror  conftest.c >&5
configure:12011: $? = 0
configure:12020: result: yes
configure:12022: checking for simple visibility declarations
configure:12048: arm-buildroot-linux-uclibcgnueabihf-gcc -c -g -O2 -fvisibility=hidden -Werror  conftest.c >&5
configure:12048: $? = 0
configure:12057: result: yes
configure:12075: checking for nl_langinfo and CODESET
configure:12091: arm-buildroot-linux-uclibcgnueabihf-gcc -o conftest -g -O2   conftest.c  >&5
configure:12091: $? = 0
configure:12100: result: yes
configure:12114: checking for unistd.h
configure:12114: result: yes
configure:12133: checking for symlink
configure:12133: arm-buildroot-linux-uclibcgnueabihf-gcc -o conftest -g -O2   conftest.c  >&5
configure:12133: $? = 0
configure:12133: result: yes
configure:12149: checking for working fcntl.h
configure:12273: result: cross-compiling
configure:12297: checking whether we are using the GNU C Library >= 2.1 or uClibc
configure:12327: result: yes
configure:12335: checking for setlocale
configure:12335: arm-buildroot-linux-uclibcgnueabihf-gcc -o conftest -g -O2   conftest.c  >&5
configure:12335: $? = 0
configure:12335: result: yes
configure:12475: creating ./config.status

## ---------------------- ##
## Running config.status. ##
## ---------------------- ##

This file was extended by libcharset config.status 1.4, which was
generated by GNU Autoconf 2.69.  Invocation command line was

  CONFIG_FILES    = 
  CONFIG_HEADERS  = 
  CONFIG_LINKS    = 
  CONFIG_COMMANDS = 
  $ ./config.status 

on dell

config.status:1078: creating Makefile
config.status:1078: creating lib/Makefile
config.status:1078: creating include/localcharset.h
config.status:1078: creating include/localcharset.h.inst
config.status:1078: creating config.h
config.status:1253: config.h is unchanged
config.status:1267: executing libtool commands

## ---------------- ##
## Cache variables. ##
## ---------------- ##

ac_cv_build=x86_64-pc-linux-uclibc
ac_cv_c_compiler_gnu=yes
ac_cv_env_CC_set=set
ac_cv_env_CC_value=arm-buildroot-linux-uclibcgnueabihf-gcc
ac_cv_env_CFLAGS_set=
ac_cv_env_CFLAGS_value=
ac_cv_env_CPPFLAGS_set=
ac_cv_env_CPPFLAGS_value=
ac_cv_env_CPP_set=
ac_cv_env_CPP_value=
ac_cv_env_LDFLAGS_set=
ac_cv_env_LDFLAGS_value=
ac_cv_env_LIBS_set=
ac_cv_env_LIBS_value=
ac_cv_env_LT_SYS_LIBRARY_PATH_set=
ac_cv_env_LT_SYS_LIBRARY_PATH_value=
ac_cv_env_build_alias_set=
ac_cv_env_build_alias_value=
ac_cv_env_host_alias_set=set
ac_cv_env_host_alias_value=arm-buildroot-linux
ac_cv_env_target_alias_set=set
ac_cv_env_target_alias_value=arm-buildroot-linux
ac_cv_func_setlocale=yes
ac_cv_func_symlink=yes
ac_cv_gnu_library_2_1=yes
ac_cv_header_dlfcn_h=yes
ac_cv_header_inttypes_h=yes
ac_cv_header_memory_h=yes
ac_cv_header_minix_config_h=no
ac_cv_header_stdc=yes
ac_cv_header_stdint_h=yes
ac_cv_header_stdlib_h=yes
ac_cv_header_string_h=yes
ac_cv_header_strings_h=yes
ac_cv_header_sys_stat_h=yes
ac_cv_header_sys_types_h=yes
ac_cv_header_unistd_h=yes
ac_cv_host=arm-buildroot-linux-gnu
ac_cv_objext=o
ac_cv_path_EGREP='/bin/grep -E'
ac_cv_path_FGREP='/bin/grep -F'
ac_cv_path_GREP=/bin/grep
ac_cv_path_SED=/bin/sed
ac_cv_path_install='/usr/bin/install -c'
ac_cv_path_lt_DD=/bin/dd
ac_cv_prog_AWK=gawk
ac_cv_prog_CC=arm-buildroot-linux-uclibcgnueabihf-gcc
ac_cv_prog_CPP='arm-buildroot-linux-uclibcgnueabihf-gcc -E'
ac_cv_prog_ac_ct_AR=ar
ac_cv_prog_ac_ct_DUMPBIN='link -dump'
ac_cv_prog_ac_ct_MANIFEST_TOOL=mt
ac_cv_prog_ac_ct_OBJDUMP=objdump
ac_cv_prog_ac_ct_RANLIB=ranlib
ac_cv_prog_ac_ct_STRIP=strip
ac_cv_prog_cc_c89=
ac_cv_prog_cc_g=yes
ac_cv_prog_make_make_set=yes
ac_cv_safe_to_define___extensions__=yes
acl_cv_libpath=LD_LIBRARY_PATH
acl_cv_prog_gnu_ld=yes
acl_cv_shlibpath_var=LD_LIBRARY_PATH
am_cv_langinfo_codeset=yes
gl_cv_cc_vis_werror=yes
gl_cv_cc_visibility=yes
gl_cv_header_working_fcntl_h=cross-compiling
lt_cv_ar_at_file=@
lt_cv_archive_cmds_need_lc=no
lt_cv_deplibs_check_method=pass_all
lt_cv_file_magic_cmd='$MAGIC_CMD'
lt_cv_file_magic_test_file=
lt_cv_ld_reload_flag=-r
lt_cv_nm_interface='BSD nm'
lt_cv_objdir=.libs
lt_cv_path_LD=/opt/mstar-linux/arm-buildroot-linux-uclibcgnueabihf-4.9.4-uclibc-1.0.31/arm-buildroot-linux-uclibcgnueabihf/bin/ld
lt_cv_path_NM=no
lt_cv_path_mainfest_tool=no
lt_cv_prog_compiler_c_o=yes
lt_cv_prog_compiler_pic='-fPIC -DPIC'
lt_cv_prog_compiler_pic_works=yes
lt_cv_prog_compiler_rtti_exceptions=no
lt_cv_prog_compiler_static_works=yes
lt_cv_prog_gnu_ld=yes
lt_cv_sharedlib_from_linklib_cmd='printf %s\n'
lt_cv_shlibpath_overrides_runpath=no
lt_cv_sys_global_symbol_pipe='sed -n -e '\''s/^.*[	 ]\([ABCDGIRSTW][ABCDGIRSTW]*\)[	 ][	 ]*\([_A-Za-z][_A-Za-z0-9]*\)$/\1 \2 \2/p'\'' | sed '\''/ __gnu_lto/d'\'''
lt_cv_sys_global_symbol_to_c_name_address='sed -n -e '\''s/^: \(.*\) .*$/  {"\1", (void *) 0},/p'\'' -e '\''s/^[ABCDGIRSTW][ABCDGIRSTW]* .* \(.*\)$/  {"\1", (void *) \&\1},/p'\'''
lt_cv_sys_global_symbol_to_c_name_address_lib_prefix='sed -n -e '\''s/^: \(.*\) .*$/  {"\1", (void *) 0},/p'\'' -e '\''s/^[ABCDGIRSTW][ABCDGIRSTW]* .* \(lib.*\)$/  {"\1", (void *) \&\1},/p'\'' -e '\''s/^[ABCDGIRSTW][ABCDGIRSTW]* .* \(.*\)$/  {"lib\1", (void *) \&\1},/p'\'''
lt_cv_sys_global_symbol_to_cdecl='sed -n -e '\''s/^T .* \(.*\)$/extern int \1();/p'\'' -e '\''s/^[ABCDGIRSTW][ABCDGIRSTW]* .* \(.*\)$/extern char \1;/p'\'''
lt_cv_sys_global_symbol_to_import=
lt_cv_sys_max_cmd_len=1572864
lt_cv_to_host_file_cmd=func_convert_file_noop
lt_cv_to_tool_file_cmd=func_convert_file_noop
lt_cv_truncate_bin='/bin/dd bs=4096 count=1'

## ----------------- ##
## Output variables. ##
## ----------------- ##

AR='ar'
AS='as'
AWK='gawk'
CC='arm-buildroot-linux-uclibcgnueabihf-gcc'
CFLAGS='-g -O2'
CFLAG_VISIBILITY='-fvisibility=hidden'
CPP='arm-buildroot-linux-uclibcgnueabihf-gcc -E'
CPPFLAGS=''
DEFS='-DHAVE_CONFIG_H'
DLLTOOL='false'
DSYMUTIL=''
DUMPBIN=':'
ECHO_C=''
ECHO_N='-n'
ECHO_T=''
EGREP='/bin/grep -E'
EXEEXT=''
FGREP='/bin/grep -F'
GLIBC21='yes'
GREP='/bin/grep'
HAVE_VISIBILITY='1'
INSTALL_DATA='${INSTALL} -m 644'
INSTALL_PROGRAM='${INSTALL}'
INSTALL_PROGRAM_ENV=''
INSTALL_SCRIPT='${INSTALL}'
LD='/opt/mstar-linux/arm-buildroot-linux-uclibcgnueabihf-4.9.4-uclibc-1.0.31/arm-buildroot-linux-uclibcgnueabihf/bin/ld'
LDFLAGS=''
LIBOBJS=''
LIBS=''
LIBTOOL='/bin/sh $(top_builddir)/libtool'
LIPO=''
LN_S='ln -s'
LTLIBOBJS=''
LT_SYS_LIBRARY_PATH=''
MANIFEST_TOOL=':'
NM='nm'
NMEDIT=''
OBJDUMP='objdump'
OBJEXT='o'
OTOOL64=''
OTOOL=''
PACKAGE_BUGREPORT=''
PACKAGE_NAME='libcharset'
PACKAGE_STRING='libcharset 1.4'
PACKAGE_TARNAME='libcharset'
PACKAGE_URL=''
PACKAGE_VERSION='1.4'
PATH_SEPARATOR=':'
RANLIB='ranlib'
RELOCATABLE='no'
RELOCATABLE_BUILD_DIR='$(top_builddir)/'
RELOCATABLE_CONFIG_H_DIR='$(top_builddir)'
RELOCATABLE_LDFLAGS=''
RELOCATABLE_LIBRARY_PATH=''
RELOCATABLE_SRC_DIR='$(top_srcdir)/'
RELOCATABLE_STRIP=':'
RELOCATABLE_VIA_LD_FALSE=''
RELOCATABLE_VIA_LD_TRUE='#'
RELOCATABLE_VIA_WRAPPER_FALSE=''
RELOCATABLE_VIA_WRAPPER_TRUE='#'
SED='/bin/sed'
SET_MAKE=''
SHELL='/bin/sh'
STRIP='strip'
ac_ct_AR='ar'
ac_ct_CC=''
ac_ct_DUMPBIN='link -dump'
bindir='${exec_prefix}/bin'
build='x86_64-pc-linux-uclibc'
build_alias=''
build_cpu='x86_64'
build_os='linux-uclibc'
build_vendor='pc'
datadir='${datarootdir}'
datarootdir='${prefix}/share'
docdir='${datarootdir}/doc/${PACKAGE_TARNAME}'
dvidir='${docdir}'
exec_prefix='${prefix}'
host='arm-buildroot-linux-gnu'
host_alias='arm-buildroot-linux'
host_cpu='arm'
host_os='linux-gnu'
host_vendor='buildroot'
htmldir='${docdir}'
includedir='${prefix}/include'
infodir='${datarootdir}/info'
libdir='${exec_prefix}/lib'
libexecdir='${exec_prefix}/libexec'
localedir='${datarootdir}/locale'
localstatedir='${prefix}/var'
mandir='${datarootdir}/man'
oldincludedir='/usr/include'
pdfdir='${docdir}'
prefix='/usr/local'
program_transform_name='s,x,x,'
psdir='${docdir}'
sbindir='${exec_prefix}/sbin'
sharedstatedir='${prefix}/com'
sysconfdir='${prefix}/etc'
target_alias='arm-buildroot-linux'

## ----------- ##
## confdefs.h. ##
## ----------- ##

/* confdefs.h */
#define PACKAGE_NAME "libcharset"
#define PACKAGE_TARNAME "libcharset"
#define PACKAGE_VERSION "1.4"
#define PACKAGE_STRING "libcharset 1.4"
#define PACKAGE_BUGREPORT ""
#define PACKAGE_URL ""
#define STDC_HEADERS 1
#define HAVE_SYS_TYPES_H 1
#define HAVE_SYS_STAT_H 1
#define HAVE_STDLIB_H 1
#define HAVE_STRING_H 1
#define HAVE_MEMORY_H 1
#define HAVE_STRINGS_H 1
#define HAVE_INTTYPES_H 1
#define HAVE_STDINT_H 1
#define HAVE_UNISTD_H 1
#define __EXTENSIONS__ 1
#define _ALL_SOURCE 1
#define _GNU_SOURCE 1
#define _POSIX_PTHREAD_SEMANTICS 1
#define _TANDEM_SOURCE 1
#define HAVE_DLFCN_H 1
#define LT_OBJDIR ".libs/"
#define INSTALLPREFIX "/usr/local"
#define HAVE_VISIBILITY 1
#define HAVE_LANGINFO_CODESET 1
#define HAVE_UNISTD_H 1
#define HAVE_SYMLINK 1
#define HAVE_WORKING_O_NOATIME 0
#define HAVE_WORKING_O_NOFOLLOW 0
#define HAVE_SETLOCALE 1

configure: exit 0
